<?xml version="1.0" encoding="UTF-8"?>
<!-- Generated by org.testng.reporters.JUnitReportReporter -->
<testsuite hostname="Igor" failures="1" tests="2" name="testrunner.FailedTestRunner" time="21.550" errors="0" timestamp="03 mai. 2024 17:00:16 GMT" skipped="0">
  <testcase classname="testrunner.FailedTestRunner" name="runScenario" time="10.998"/>
  <testcase classname="testrunner.FailedTestRunner" name="runScenario" time="10.552">
    <failure message="expected [No data] but found [Beetroot]" type="java.lang.AssertionError">
      <![CDATA[java.lang.AssertionError: expected [No data] but found [Beetroot]
at org.testng.Assert.fail(Assert.java:96)
at org.testng.Assert.failNotEquals(Assert.java:776)
at org.testng.Assert.assertEqualsImpl(Assert.java:137)
at org.testng.Assert.assertEquals(Assert.java:118)
at org.testng.Assert.assertEquals(Assert.java:453)
at org.testng.Assert.assertEquals(Assert.java:463)
at stepdefinitions.OffersPageSteps.user_searched_for_same_shortname_in_offers_page_to_check_if_product_exist(OffersPageSteps.java:25)
at ✽.user searched for bee shortname in offers page to check if product exist(file:///C:/Users/barbo/eclipse-workspace/seleniumcucumber/src/test/java/features/searchproduct.feature:8)
]]>
    </failure>
  </testcase> <!-- runScenario -->
</testsuite> <!-- testrunner.FailedTestRunner -->
